# JRE version: OpenJDK Runtime Environment GraalVM CE 22.3.0 (17.0.5+8) (build 17.0.5+8-jvmci-22.3-b08)
# Java VM: OpenJDK 64-Bit Server VM GraalVM CE 22.3.0 (17.0.5+8-jvmci-22.3-b08, mixed mode, sharing, tiered, jvmci, jvmci compiler, compressed oops, compressed class ptrs, parallel gc, linux-amd64)
GC Precious Log:
 CPUs: 8 total, 1 available
 Memory: 1024M
 Large Page Support: Disabled
 NUMA Support: Disabled
 Compressed Oops: Enabled (32-bit)
 Alignments: Space 512K, Generation 512K, Heap 2M
 Heap Min Capacity: 100M
 Heap Initial Capacity: 100M
 Heap Max Capacity: 512M
 Pre-touch: Disabled
 Parallel Workers: 1
Heap:
 PSYoungGen      total 39936K, used 28861K [0x00000000f5580000, 0x00000000fc000000, 0x0000000100000000)
  eden space 21504K, 99% used [0x00000000f5580000,0x00000000f6a7fff0,0x00000000f6a80000)
  from space 18432K, 39% used [0x00000000f9500000,0x00000000f9c2f6e0,0x00000000fa700000)
  to   space 43520K, 0% used [0x00000000f6a80000,0x00000000f6a80000,0x00000000f9500000)
 ParOldGen       total 349696K, used 349695K [0x00000000e0000000, 0x00000000f5580000, 0x00000000f5580000)
  object space 349696K, 99% used [0x00000000e0000000,0x00000000f557fff8,0x00000000f5580000)
 Metaspace       used 56456K, committed 57600K, reserved 1105920K
  class space    used 5595K, committed 6016K, reserved 1048576K
GC Heap History (20 events):
Event: 856.673 GC heap before
{Heap before GC invocations=474 (full 389):
 PSYoungGen      total 39936K, used 28861K [0x00000000f5580000, 0x00000000fc000000, 0x0000000100000000)
  eden space 21504K, 100% used [0x00000000f5580000,0x00000000f6a80000,0x00000000f6a80000)
  from space 18432K, 39% used [0x00000000f9500000,0x00000000f9c2f6e0,0x00000000fa700000)
  to   space 43520K, 0% used [0x00000000f6a80000,0x00000000f6a80000,0x00000000f9500000)
 ParOldGen       total 349696K, used 349694K [0x00000000e0000000, 0x00000000f5580000, 0x00000000f5580000)
  object space 349696K, 99% used [0x00000000e0000000,0x00000000f557f9e8,0x00000000f5580000)
 Metaspace       used 56456K, committed 57600K, reserved 1105920K
  class space    used 5595K, committed 6016K, reserved 1048576K
}
Event: 858.213 GC heap after
{Heap after GC invocations=474 (full 389):
 PSYoungGen      total 39936K, used 28861K [0x00000000f5580000, 0x00000000fc000000, 0x0000000100000000)
  eden space 21504K, 100% used [0x00000000f5580000,0x00000000f6a80000,0x00000000f6a80000)
  from space 18432K, 39% used [0x00000000f9500000,0x00000000f9c2f6e0,0x00000000fa700000)
  to   space 43520K, 0% used [0x00000000f6a80000,0x00000000f6a80000,0x00000000f9500000)
 ParOldGen       total 349696K, used 349694K [0x00000000e0000000, 0x00000000f5580000, 0x00000000f5580000)
  object space 349696K, 99% used [0x00000000e0000000,0x00000000f557f9d0,0x00000000f5580000)
 Metaspace       used 56456K, committed 57600K, reserved 1105920K
  class space    used 5595K, committed 6016K, reserved 1048576K
}
Event: 858.213 GC heap before
{Heap before GC invocations=475 (full 390):
 PSYoungGen      total 39936K, used 28861K [0x00000000f5580000, 0x00000000fc000000, 0x0000000100000000)
  eden space 21504K, 100% used [0x00000000f5580000,0x00000000f6a80000,0x00000000f6a80000)
  from space 18432K, 39% used [0x00000000f9500000,0x00000000f9c2f6e0,0x00000000fa700000)
  to   space 43520K, 0% used [0x00000000f6a80000,0x00000000f6a80000,0x00000000f9500000)
 ParOldGen       total 349696K, used 349695K [0x00000000e0000000, 0x00000000f5580000, 0x00000000f5580000)
  object space 349696K, 99% used [0x00000000e0000000,0x00000000f557ffa8,0x00000000f5580000)
 Metaspace       used 56456K, committed 57600K, reserved 1105920K
  class space    used 5595K, committed 6016K, reserved 1048576K
}
Event: 859.784 GC heap after
{Heap after GC invocations=475 (full 390):
 PSYoungGen      total 39936K, used 28861K [0x00000000f5580000, 0x00000000fc000000, 0x0000000100000000)
  eden space 21504K, 99% used [0x00000000f5580000,0x00000000f6a7ffd0,0x00000000f6a80000)
  from space 18432K, 39% used [0x00000000f9500000,0x00000000f9c2f6e0,0x00000000fa700000)
  to   space 43520K, 0% used [0x00000000f6a80000,0x00000000f6a80000,0x00000000f9500000)
 ParOldGen       total 349696K, used 349695K [0x00000000e0000000, 0x00000000f5580000, 0x00000000f5580000)
  object space 349696K, 99% used [0x00000000e0000000,0x00000000f557fee8,0x00000000f5580000)
 Metaspace       used 56456K, committed 57600K, reserved 1105920K
  class space    used 5595K, committed 6016K, reserved 1048576K
}
Event: 859.784 GC heap before
{Heap before GC invocations=476 (full 391):
 PSYoungGen      total 39936K, used 28861K [0x00000000f5580000, 0x00000000fc000000, 0x0000000100000000)
  eden space 21504K, 99% used [0x00000000f5580000,0x00000000f6a7ffd0,0x00000000f6a80000)
  from space 18432K, 39% used [0x00000000f9500000,0x00000000f9c2f6e0,0x00000000fa700000)
  to   space 43520K, 0% used [0x00000000f6a80000,0x00000000f6a80000,0x00000000f9500000)
 ParOldGen       total 349696K, used 349695K [0x00000000e0000000, 0x00000000f5580000, 0x00000000f5580000)
  object space 349696K, 99% used [0x00000000e0000000,0x00000000f557fee8,0x00000000f5580000)
 Metaspace       used 56456K, committed 57600K, reserved 1105920K
  class space    used 5595K, committed 6016K, reserved 1048576K
}
Event: 861.494 GC heap after
{Heap after GC invocations=476 (full 391):
 PSYoungGen      total 39936K, used 28861K [0x00000000f5580000, 0x00000000fc000000, 0x0000000100000000)
  eden space 21504K, 99% used [0x00000000f5580000,0x00000000f6a7ffd0,0x00000000f6a80000)
  from space 18432K, 39% used [0x00000000f9500000,0x00000000f9c2f6e0,0x00000000fa700000)
  to   space 43520K, 0% used [0x00000000f6a80000,0x00000000f6a80000,0x00000000f9500000)
 ParOldGen       total 349696K, used 349695K [0x00000000e0000000, 0x00000000f5580000, 0x00000000f5580000)
  object space 349696K, 99% used [0x00000000e0000000,0x00000000f557fee8,0x00000000f5580000)
 Metaspace       used 56456K, committed 57600K, reserved 1105920K
  class space    used 5595K, committed 6016K, reserved 1048576K
}
Event: 861.495 GC heap before
{Heap before GC invocations=477 (full 392):
 PSYoungGen      total 39936K, used 28861K [0x00000000f5580000, 0x00000000fc000000, 0x0000000100000000)
  eden space 21504K, 99% used [0x00000000f5580000,0x00000000f6a7fff0,0x00000000f6a80000)
  from space 18432K, 39% used [0x00000000f9500000,0x00000000f9c2f6e0,0x00000000fa700000)
  to   space 43520K, 0% used [0x00000000f6a80000,0x00000000f6a80000,0x00000000f9500000)
 ParOldGen       total 349696K, used 349695K [0x00000000e0000000, 0x00000000f5580000, 0x00000000f5580000)
  object space 349696K, 99% used [0x00000000e0000000,0x00000000f557ff00,0x00000000f5580000)
 Metaspace       used 56456K, committed 57600K, reserved 1105920K
  class space    used 5595K, committed 6016K, reserved 1048576K
}
Event: 863.396 GC heap after
{Heap after GC invocations=477 (full 392):
 PSYoungGen      total 39936K, used 28861K [0x00000000f5580000, 0x00000000fc000000, 0x0000000100000000)
  eden space 21504K, 99% used [0x00000000f5580000,0x00000000f6a7fff0,0x00000000f6a80000)
  from space 18432K, 39% used [0x00000000f9500000,0x00000000f9c2f6e0,0x00000000fa700000)
  to   space 43520K, 0% used [0x00000000f6a80000,0x00000000f6a80000,0x00000000f9500000)
 ParOldGen       total 349696K, used 349694K [0x00000000e0000000, 0x00000000f5580000, 0x00000000f5580000)
  object space 349696K, 99% used [0x00000000e0000000,0x00000000f557f960,0x00000000f5580000)
 Metaspace       used 56456K, committed 57600K, reserved 1105920K
  class space    used 5595K, committed 6016K, reserved 1048576K
}
Event: 863.396 GC heap before
{Heap before GC invocations=478 (full 393):
 PSYoungGen      total 39936K, used 28861K [0x00000000f5580000, 0x00000000fc000000, 0x0000000100000000)
  eden space 21504K, 99% used [0x00000000f5580000,0x00000000f6a7fff0,0x00000000f6a80000)
  from space 18432K, 39% used [0x00000000f9500000,0x00000000f9c2f6e0,0x00000000fa700000)
  to   space 43520K, 0% used [0x00000000f6a80000,0x00000000f6a80000,0x00000000f9500000)
 ParOldGen       total 349696K, used 349694K [0x00000000e0000000, 0x00000000f5580000, 0x00000000f5580000)
  object space 349696K, 99% used [0x00000000e0000000,0x00000000f557f960,0x00000000f5580000)
 Metaspace       used 56456K, committed 57600K, reserved 1105920K
  class space    used 5595K, committed 6016K, reserved 1048576K
}
Event: 864.895 GC heap after
{Heap after GC invocations=478 (full 393):
 PSYoungGen      total 39936K, used 28861K [0x00000000f5580000, 0x00000000fc000000, 0x0000000100000000)
  eden space 21504K, 99% used [0x00000000f5580000,0x00000000f6a7fff0,0x00000000f6a80000)
  from space 18432K, 39% used [0x00000000f9500000,0x00000000f9c2f6e0,0x00000000fa700000)
  to   space 43520K, 0% used [0x00000000f6a80000,0x00000000f6a80000,0x00000000f9500000)
 ParOldGen       total 349696K, used 349694K [0x00000000e0000000, 0x00000000f5580000, 0x00000000f5580000)
  object space 349696K, 99% used [0x00000000e0000000,0x00000000f557f960,0x00000000f5580000)
 Metaspace       used 56456K, committed 57600K, reserved 1105920K
  class space    used 5595K, committed 6016K, reserved 1048576K
}
Event: 864.896 GC heap before
{Heap before GC invocations=479 (full 394):
 PSYoungGen      total 39936K, used 28861K [0x00000000f5580000, 0x00000000fc000000, 0x0000000100000000)
  eden space 21504K, 99% used [0x00000000f5580000,0x00000000f6a7fff0,0x00000000f6a80000)
  from space 18432K, 39% used [0x00000000f9500000,0x00000000f9c2f6e0,0x00000000fa700000)
  to   space 43520K, 0% used [0x00000000f6a80000,0x00000000f6a80000,0x00000000f9500000)
 ParOldGen       total 349696K, used 349694K [0x00000000e0000000, 0x00000000f5580000, 0x00000000f5580000)
  object space 349696K, 99% used [0x00000000e0000000,0x00000000f557f960,0x00000000f5580000)
 Metaspace       used 56456K, committed 57600K, reserved 1105920K
  class space    used 5595K, committed 6016K, reserved 1048576K
}
Event: 866.620 GC heap after
{Heap after GC invocations=479 (full 394):
 PSYoungGen      total 39936K, used 28861K [0x00000000f5580000, 0x00000000fc000000, 0x0000000100000000)
  eden space 21504K, 99% used [0x00000000f5580000,0x00000000f6a7fff0,0x00000000f6a80000)
  from space 18432K, 39% used [0x00000000f9500000,0x00000000f9c2f6e0,0x00000000fa700000)
  to   space 43520K, 0% used [0x00000000f6a80000,0x00000000f6a80000,0x00000000f9500000)
 ParOldGen       total 349696K, used 349692K [0x00000000e0000000, 0x00000000f5580000, 0x00000000f5580000)
  object space 349696K, 99% used [0x00000000e0000000,0x00000000f557f3c0,0x00000000f5580000)
 Metaspace       used 56456K, committed 57600K, reserved 1105920K
  class space    used 5595K, committed 6016K, reserved 1048576K
}
Event: 866.624 GC heap before
{Heap before GC invocations=480 (full 395):
 PSYoungGen      total 39936K, used 28861K [0x00000000f5580000, 0x00000000fc000000, 0x0000000100000000)
  eden space 21504K, 99% used [0x00000000f5580000,0x00000000f6a7fff0,0x00000000f6a80000)
  from space 18432K, 39% used [0x00000000f9500000,0x00000000f9c2f6e0,0x00000000fa700000)
  to   space 43520K, 0% used [0x00000000f6a80000,0x00000000f6a80000,0x00000000f9500000)
 ParOldGen       total 349696K, used 349695K [0x00000000e0000000, 0x00000000f5580000, 0x00000000f5580000)
  object space 349696K, 99% used [0x00000000e0000000,0x00000000f557fd88,0x00000000f5580000)
 Metaspace       used 56456K, committed 57600K, reserved 1105920K
  class space    used 5595K, committed 6016K, reserved 1048576K
}
Event: 868.174 GC heap after
{Heap after GC invocations=480 (full 395):
 PSYoungGen      total 39936K, used 28861K [0x00000000f5580000, 0x00000000fc000000, 0x0000000100000000)
  eden space 21504K, 99% used [0x00000000f5580000,0x00000000f6a7fff0,0x00000000f6a80000)
  from space 18432K, 39% used [0x00000000f9500000,0x00000000f9c2f6e0,0x00000000fa700000)
  to   space 43520K, 0% used [0x00000000f6a80000,0x00000000f6a80000,0x00000000f9500000)
 ParOldGen       total 349696K, used 349694K [0x00000000e0000000, 0x00000000f5580000, 0x00000000f5580000)
  object space 349696K, 99% used [0x00000000e0000000,0x00000000f557fa80,0x00000000f5580000)
 Metaspace       used 56456K, committed 57600K, reserved 1105920K
  class space    used 5595K, committed 6016K, reserved 1048576K
}
Event: 868.175 GC heap before
{Heap before GC invocations=481 (full 396):
 PSYoungGen      total 39936K, used 28861K [0x00000000f5580000, 0x00000000fc000000, 0x0000000100000000)
  eden space 21504K, 100% used [0x00000000f5580000,0x00000000f6a80000,0x00000000f6a80000)
  from space 18432K, 39% used [0x00000000f9500000,0x00000000f9c2f6e0,0x00000000fa700000)
  to   space 43520K, 0% used [0x00000000f6a80000,0x00000000f6a80000,0x00000000f9500000)
 ParOldGen       total 349696K, used 349695K [0x00000000e0000000, 0x00000000f5580000, 0x00000000f5580000)
  object space 349696K, 99% used [0x00000000e0000000,0x00000000f557ff20,0x00000000f5580000)
 Metaspace       used 56456K, committed 57600K, reserved 1105920K
  class space    used 5595K, committed 6016K, reserved 1048576K
}
Event: 869.805 GC heap after
{Heap after GC invocations=481 (full 396):
 PSYoungGen      total 39936K, used 28861K [0x00000000f5580000, 0x00000000fc000000, 0x0000000100000000)
  eden space 21504K, 99% used [0x00000000f5580000,0x00000000f6a7fff0,0x00000000f6a80000)
  from space 18432K, 39% used [0x00000000f9500000,0x00000000f9c2f6e0,0x00000000fa700000)
  to   space 43520K, 0% used [0x00000000f6a80000,0x00000000f6a80000,0x00000000f9500000)
 ParOldGen       total 349696K, used 349694K [0x00000000e0000000, 0x00000000f5580000, 0x00000000f5580000)
  object space 349696K, 99% used [0x00000000e0000000,0x00000000f557fba0,0x00000000f5580000)
 Metaspace       used 56456K, committed 57600K, reserved 1105920K
  class space    used 5595K, committed 6016K, reserved 1048576K
}
Event: 869.806 GC heap before
{Heap before GC invocations=482 (full 397):
 PSYoungGen      total 39936K, used 28861K [0x00000000f5580000, 0x00000000fc000000, 0x0000000100000000)
  eden space 21504K, 99% used [0x00000000f5580000,0x00000000f6a7fff0,0x00000000f6a80000)
  from space 18432K, 39% used [0x00000000f9500000,0x00000000f9c2f6e0,0x00000000fa700000)
  to   space 43520K, 0% used [0x00000000f6a80000,0x00000000f6a80000,0x00000000f9500000)
 ParOldGen       total 349696K, used 349694K [0x00000000e0000000, 0x00000000f5580000, 0x00000000f5580000)
  object space 349696K, 99% used [0x00000000e0000000,0x00000000f557fbb8,0x00000000f5580000)
 Metaspace       used 56456K, committed 57600K, reserved 1105920K
  class space    used 5595K, committed 6016K, reserved 1048576K
}
Event: 871.615 GC heap after
{Heap after GC invocations=482 (full 397):
 PSYoungGen      total 39936K, used 28861K [0x00000000f5580000, 0x00000000fc000000, 0x0000000100000000)
  eden space 21504K, 99% used [0x00000000f5580000,0x00000000f6a7fff0,0x00000000f6a80000)
  from space 18432K, 39% used [0x00000000f9500000,0x00000000f9c2f6e0,0x00000000fa700000)
  to   space 43520K, 0% used [0x00000000f6a80000,0x00000000f6a80000,0x00000000f9500000)
 ParOldGen       total 349696K, used 349694K [0x00000000e0000000, 0x00000000f5580000, 0x00000000f5580000)
  object space 349696K, 99% used [0x00000000e0000000,0x00000000f557fb98,0x00000000f5580000)
 Metaspace       used 56456K, committed 57600K, reserved 1105920K
  class space    used 5595K, committed 6016K, reserved 1048576K
}
Event: 871.615 GC heap before
{Heap before GC invocations=483 (full 398):
 PSYoungGen      total 39936K, used 28861K [0x00000000f5580000, 0x00000000fc000000, 0x0000000100000000)
  eden space 21504K, 99% used [0x00000000f5580000,0x00000000f6a7fff0,0x00000000f6a80000)
  from space 18432K, 39% used [0x00000000f9500000,0x00000000f9c2f6e0,0x00000000fa700000)
  to   space 43520K, 0% used [0x00000000f6a80000,0x00000000f6a80000,0x00000000f9500000)
 ParOldGen       total 349696K, used 349694K [0x00000000e0000000, 0x00000000f5580000, 0x00000000f5580000)
  object space 349696K, 99% used [0x00000000e0000000,0x00000000f557fb98,0x00000000f5580000)
 Metaspace       used 56456K, committed 57600K, reserved 1105920K
  class space    used 5595K, committed 6016K, reserved 1048576K
}
Event: 873.221 GC heap after
{Heap after GC invocations=483 (full 398):
 PSYoungGen      total 39936K, used 28861K [0x00000000f5580000, 0x00000000fc000000, 0x0000000100000000)
  eden space 21504K, 99% used [0x00000000f5580000,0x00000000f6a7fff0,0x00000000f6a80000)
  from space 18432K, 39% used [0x00000000f9500000,0x00000000f9c2f6e0,0x00000000fa700000)
  to   space 43520K, 0% used [0x00000000f6a80000,0x00000000f6a80000,0x00000000f9500000)
 ParOldGen       total 349696K, used 349694K [0x00000000e0000000, 0x00000000f5580000, 0x00000000f5580000)
  object space 349696K, 99% used [0x00000000e0000000,0x00000000f557fb98,0x00000000f5580000)
 Metaspace       used 56456K, committed 57600K, reserved 1105920K
  class space    used 5595K, committed 6016K, reserved 1048576K
}

